Using pre-set license
Built from '2020.2/staging' branch; Version is '2020.2.7f1 (c53830e277f1) revision 12924976'; Using compiler version '192528614'; Build Type 'Release'
OS: 'Windows 10 Pro; OS build 19042.631; Version 2009; 64bit' Language: 'en' Physical Memory: 32553 MB
BatchMode: 1, IsHumanControllingUs: 0, StartBugReporterOnCrash: 0, Is64bit: 1, IsPro: 0

 COMMAND LINE ARGUMENTS:
C:\Program Files\Unity\Hub\Editor\2020.2.7f1\Editor\Unity.exe
-adb2
-batchMode
-noUpm
-name
AssetImportWorker2
-projectPath
C:/UnityProjects/ProjectEsky-UnityIntegration
-logFile
Logs/AssetImportWorker2.log
-srvPort
63599
Successfully changed project path to: C:/UnityProjects/ProjectEsky-UnityIntegration
C:/UnityProjects/ProjectEsky-UnityIntegration
Using Asset Import Pipeline V2.
Refreshing native plugins compatible for Editor in 87.38 ms, found 17 plugins.
Preloading 2 native plugins for Editor in 2.14 ms.
Initialize engine version: 2020.2.7f1 (c53830e277f1)
[Subsystems] Discovering subsystems at path C:/Program Files/Unity/Hub/Editor/2020.2.7f1/Editor/Data/Resources/UnitySubsystems
[Subsystems] Discovering subsystems at path C:/UnityProjects/ProjectEsky-UnityIntegration/Assets
GfxDevice: creating device client; threaded=0
Direct3D:
    Version:  Direct3D 11.0 [level 11.1]
    Renderer: NVIDIA GeForce RTX 2080 (ID=0x1e90)
    Vendor:   
    VRAM:     8010 MB
    Driver:   27.21.14.6192
Initialize mono
Mono path[0] = 'C:/Program Files/Unity/Hub/Editor/2020.2.7f1/Editor/Data/Managed'
Mono path[1] = 'C:/Program Files/Unity/Hub/Editor/2020.2.7f1/Editor/Data/MonoBleedingEdge/lib/mono/unityjit'
Mono config path = 'C:/Program Files/Unity/Hub/Editor/2020.2.7f1/Editor/Data/MonoBleedingEdge/etc'
Using monoOptions --debugger-agent=transport=dt_socket,embedding=1,server=y,suspend=n,address=127.0.0.1:56324
Begin MonoManager ReloadAssembly
Registering precompiled unity dll's ...
Register platform support module: C:/Program Files/Unity/Hub/Editor/2020.2.7f1/Editor/Data/PlaybackEngines/WindowsStandaloneSupport/UnityEditor.WindowsStandalone.Extensions.dll
Registered in 0.002407 seconds.
Native extension for WindowsStandalone target not found
Refreshing native plugins compatible for Editor in 65.12 ms, found 17 plugins.
Preloading 2 native plugins for Editor in 0.19 ms.
Invoked RoslynAnalysisRunner static constructor.
RoslynAnalysisRunner will not be running.
RoslynAnalysisRunner has terminated.
Mono: successfully reloaded assembly
- Completed reload, in  2.024 seconds
Platform modules already initialized, skipping
Registering precompiled user dll's ...
Registered in 0.019028 seconds.
Begin MonoManager ReloadAssembly
Native extension for WindowsStandalone target not found
Refreshing native plugins compatible for Editor in 72.44 ms, found 17 plugins.
Preloading 2 native plugins for Editor in 0.30 ms.
Invoked RoslynAnalysisRunner static constructor.
RoslynAnalysisRunner will not be running.
RoslynAnalysisRunner has terminated.
[XR] OculusXRPlugin: registering subsystems
[XR] Unable to register display lifecyle provider: [1]
[XR] Oculus Input lifecycle provider registered.
[XR] Unable to register input lifecyle provider: [1]
NullReferenceException: Object reference not set to an instance of an object
  at Unity.XR.Oculus.OculusLoader.AssetPathToAbsolutePath (System.String assetPath) [0x00048] in C:\UnityProjects\ProjectEsky-UnityIntegration\Library\PackageCache\com.unity.xr.oculus@1.8.1\Runtime\OculusLoader.cs:243 
  at Unity.XR.Oculus.OculusLoader.EditorLoadOVRPlugin () [0x0007b] in C:\UnityProjects\ProjectEsky-UnityIntegration\Library\PackageCache\com.unity.xr.oculus@1.8.1\Runtime\OculusLoader.cs:228 

(Filename: Library/PackageCache/com.unity.xr.oculus@1.8.1/Runtime/OculusLoader.cs Line: 243)

Find all reader and writers took 212 milliseconds
Script Module: UnityEngine.UI.dll
Weave sync objects took 6 milliseconds
Weave behaviours and messages took102 milliseconds
Find all reader and writers took 221 milliseconds
Script Module: UnityEngine.SpatialTracking.dll
Weave sync objects took 13 milliseconds
Weave behaviours and messages took14 milliseconds
Find all reader and writers took 319 milliseconds
Script Module: LeapMotion.dll
Weave sync objects took 32 milliseconds
Weave behaviours and messages took203 milliseconds
Find all reader and writers took 287 milliseconds
Script Module: UnityEngine.TestRunner.dll
Weave sync objects took 31 milliseconds
Weave behaviours and messages took73 milliseconds
Find all reader and writers took 908 milliseconds
Script Module: Microsoft.MixedReality.Toolkit.dll
Weave sync objects took 40 milliseconds
Weave behaviours and messages took272 milliseconds
Find all reader and writers took 251 milliseconds
Script Module: Unity.XR.WindowsMixedReality.dll
Weave sync objects took 12 milliseconds
Weave behaviours and messages took25 milliseconds
Find all reader and writers took 283 milliseconds
Script Module: Microsoft.MixedReality.Toolkit.SDK.dll
Weave sync objects took 61 milliseconds
Weave behaviours and messages took332 milliseconds
Find all reader and writers took 348 milliseconds
Script Module: Unity.XR.ARSubsystems.dll
Weave sync objects took 15 milliseconds
Weave behaviours and messages took73 milliseconds
Find all reader and writers took 326 milliseconds
Script Module: Microsoft.MixedReality.Toolkit.Async.dll
Weave sync objects took 7 milliseconds
Weave behaviours and messages took14 milliseconds
Find all reader and writers took 346 milliseconds
Script Module: Microsoft.MixedReality.Toolkit.Services.InputSystem.dll
Weave sync objects took 15 milliseconds
Weave behaviours and messages took61 milliseconds
Find all reader and writers took 296 milliseconds
Script Module: UnityEngine.XR.LegacyInputHelpers.dll
Weave sync objects took 8 milliseconds
Weave behaviours and messages took12 milliseconds
Find all reader and writers took 217 milliseconds
Script Module: Microsoft.MixedReality.Toolkit.Providers.OpenXR.dll
Weave sync objects took 5 milliseconds
Weave behaviours and messages took7 milliseconds
Find all reader and writers took 228 milliseconds
Script Module: Unity.XR.Oculus.dll
Weave sync objects took 11 milliseconds
Weave behaviours and messages took14 milliseconds
Find all reader and writers took 239 milliseconds
Script Module: LeapMotion.InteractionEngine.dll
Weave sync objects took 13 milliseconds
Weave behaviours and messages took55 milliseconds
Find all reader and writers took 230 milliseconds
Script Module: Microsoft.MixedReality.Toolkit.Tests.PlayModeTests.dll
Weave sync objects took 19 milliseconds
Weave behaviours and messages took169 milliseconds
Find all reader and writers took 215 milliseconds
Script Module: Mirror.Components.dll
Weave sync objects took 8 milliseconds
[NetworkAnimator] NetworkBehaviourProcessor
[NetworkRoomPlayer] NetworkBehaviourProcessor
[NetworkLobbyPlayer] NetworkBehaviourProcessor
[NetworkVisibility] NetworkBehaviourProcessor
[NetworkVisibility] Found NetworkBehaviour Mirror.NetworkVisibility
[NetworkVisibility] Process Start
[NetworkVisibility]   GenerateSerialization
[NetworkVisibility]   GenerateDeSerialization
[NetworkVisibility] Process Done
[NetworkMatchChecker] NetworkBehaviourProcessor
[NetworkVisibility] NetworkBehaviourProcessor
[NetworkProximityChecker] NetworkBehaviourProcessor
[NetworkRoomPlayer] NetworkBehaviourProcessor
[NetworkVisibility] NetworkBehaviourProcessor
[NetworkSceneChecker] NetworkBehaviourProcessor
[NetworkTransformBase] NetworkBehaviourProcessor
[NetworkTransform] NetworkBehaviourProcessor
[NetworkTransformBase] NetworkBehaviourProcessor
[NetworkTransformBase] NetworkBehaviourProcessor
[NetworkTransformChild] NetworkBehaviourProcessor
[NetworkLerpRigidbody] NetworkBehaviourProcessor
[NetworkRigidbody] NetworkBehaviourProcessor
[NetworkTransformBase] NetworkBehaviourProcessor
[NetworkTransform] NetworkBehaviourProcessor
[NetworkTransformBase] NetworkBehaviourProcessor
[NetworkTransformBase] NetworkBehaviourProcessor
[NetworkTransformChild] NetworkBehaviourProcessor
[MessageBase] MessageClassProcessor Start
[MessageBase]   GenerateSerialization
[MessageBase]   GenerateDeserialization
[MessageBase] MessageClassProcessor Done
[ServerRequest] MessageClassProcessor Start
[ServerRequest]   GenerateSerialization
[ServerRequest]   GenerateDeserialization
[ServerRequest] MessageClassProcessor Done
[ServerResponse] MessageClassProcessor Start
[ServerResponse]   GenerateSerialization
[ServerResponse]   GenerateDeserialization
[ServerResponse] MessageClassProcessor Done
Weave behaviours and messages took36 milliseconds
  ProcessSitesModule Mirror.Components.dll elapsed time:00:00:00.0089986
Find all reader and writers took 221 milliseconds
Script Module: Unity.TextMeshPro.dll
Weave sync objects took 30 milliseconds
Weave behaviours and messages took119 milliseconds
Find all reader and writers took 209 milliseconds
Script Module: Microsoft.MixedReality.Toolkit.Examples.dll
Weave sync objects took 12 milliseconds
Weave behaviours and messages took73 milliseconds
Find all reader and writers took 227 milliseconds
Script Module: Microsoft.MixedReality.Toolkit.Providers.UnityAR.dll
Weave sync objects took 9 milliseconds
Weave behaviours and messages took9 milliseconds
Find all reader and writers took 219 milliseconds
Script Module: LeapMotion.NorthStar.dll
Weave sync objects took 8 milliseconds
Weave behaviours and messages took41 milliseconds
Find all reader and writers took 232 milliseconds
Script Module: Unity.Timeline.dll
Weave sync objects took 9 milliseconds
Weave behaviours and messages took44 milliseconds
Find all reader and writers took 241 milliseconds
Script Module: Microsoft.MixedReality.Toolkit.Services.CameraSystem.dll
Weave sync objects took 4 milliseconds
Weave behaviours and messages took5 milliseconds
Find all reader and writers took 235 milliseconds
Script Module: Microsoft.MixedReality.Toolkit.Services.SceneSystem.dll
Weave sync objects took 27 milliseconds
Weave behaviours and messages took37 milliseconds
Find all reader and writers took 218 milliseconds
Script Module: Microsoft.MixedReality.Toolkit.Gltf.dll
Weave sync objects took 7 milliseconds
Weave behaviours and messages took14 milliseconds
Find all reader and writers took 248 milliseconds
Script Module: Telepathy.dll
Weave sync objects took 0 milliseconds
Weave behaviours and messages took7 milliseconds
Find all reader and writers took 335 milliseconds
Script Module: Microsoft.MixedReality.Toolkit.Providers.LeapMotion.dll
Weave sync objects took 6 milliseconds
Weave behaviours and messages took11 milliseconds
Find all reader and writers took 221 milliseconds
Script Module: Microsoft.MixedReality.Toolkit.Services.InputSimulation.dll
Weave sync objects took 15 milliseconds
Weave behaviours and messages took29 milliseconds
Find all reader and writers took 207 milliseconds
Script Module: Ninja.WebSockets.dll
Weave sync objects took 0 milliseconds
Weave behaviours and messages took10 milliseconds
Find all reader and writers took 227 milliseconds
Script Module: Microsoft.MixedReality.Toolkit.Providers.XRSDK.WindowsMixedReality.dll
Weave sync objects took 4 milliseconds
Weave behaviours and messages took6 milliseconds
Find all reader and writers took 216 milliseconds
Script Module: Microsoft.MixedReality.Toolkit.Services.InputAnimation.dll
Weave sync objects took 8 milliseconds
Weave behaviours and messages took17 milliseconds
Find all reader and writers took 213 milliseconds
Script Module: Microsoft.MixedReality.Toolkit.Tests.Utilities.dll
Weave sync objects took 0 milliseconds
Weave behaviours and messages took6 milliseconds
Find all reader and writers took 209 milliseconds
Script Module: Assembly-CSharp.dll
[SceneGraphNetwork] SyncObjectProcessor Start item:System.Int32
[SceneGraphNetwork]   GenerateSerialization
[SceneGraphNetwork]   GenerateDeserialization
[SceneGraphNetwork] SyncObjectProcessor Done
[SceneGraphNetwork] SyncObjectProcessor Start item:ProjectEsky.Networking.Node
[SceneGraphNetwork]   GenerateSerialization
[SceneGraphNetwork]   GenerateDeserialization
[SceneGraphNetwork] SyncObjectProcessor Done
[HandSceneGraph] SyncObjectProcessor Start item:System.Int32
[HandSceneGraph]   GenerateSerialization
[HandSceneGraph]   GenerateDeserialization
[HandSceneGraph] SyncObjectProcessor Done
[HandSceneGraph] SyncObjectProcessor Start item:ProjectEsky.Networking.HandGraph
[HandSceneGraph]   GenerateSerialization
[HandSceneGraph]   GenerateDeserialization
[HandSceneGraph] SyncObjectProcessor Done
Weave sync objects took 17 milliseconds
[EskyNetworkEntity] NetworkBehaviourProcessor
[EskyClient] NetworkBehaviourProcessor
[EskyNetworkEntity] NetworkBehaviourProcessor
[EskySceneGraphSync] NetworkBehaviourProcessor
Weave behaviours and messages took39 milliseconds
  ProcessSitesModule Assembly-CSharp.dll elapsed time:00:00:00.0010307
Find all reader and writers took 588 milliseconds
Script Module: Microsoft.MixedReality.Toolkit.Extensions.SceneTransitionService.dll
Weave sync objects took 10 milliseconds
Weave behaviours and messages took14 milliseconds
Find all reader and writers took 267 milliseconds
Script Module: Microsoft.MixedReality.Toolkit.Providers.OpenVR.dll
Weave sync objects took 13 milliseconds
Weave behaviours and messages took48 milliseconds
Find all reader and writers took 472 milliseconds
Script Module: Mirror.Cloud.dll
Weave sync objects took 21 milliseconds
Weave behaviours and messages took28 milliseconds
Find all reader and writers took 252 milliseconds
Script Module: Unity.XR.Management.dll
Weave sync objects took 10 milliseconds
Weave behaviours and messages took13 milliseconds
Find all reader and writers took 389 milliseconds
Script Module: Unity.XR.InteractionSubsystems.dll
Weave sync objects took 8 milliseconds
Weave behaviours and messages took10 milliseconds
